<?xml version="1.0" encoding="UTF-8"?>
<!-- Generated by org.testng.reporters.JUnitReportReporter -->
<testsuite hostname="admin1-HP-ProBook-640-G2" failures="0" tests="1" name="com.runner.TestRunner" time="0.025" errors="0" timestamp="30 Oct 2023 08:49:15 GMT" skipped="0">
  <testcase classname="com.runner.TestRunner" name="testHomege" time="0.025"/>
</testsuite> <!-- com.runner.TestRunner -->
